Flutter crash report.
Please report a bug at https://github.com/flutter/flutter/issues.

## command

flutter --quiet assemble --no-version-check --depfile /Users/stephscully/AndroidStudioProjects/flutter-portfolio/build/app/intermediates/flutter/debug/flutter_build.d --output /Users/stephscully/AndroidStudioProjects/flutter-portfolio/build/app/intermediates/flutter/debug -dTargetFile=/Users/stephscully/AndroidStudioProjects/flutter-portfolio/lib/main.dart -dTargetPlatform=android -dBuildMode=debug -dTrackWidgetCreation=true --DartDefines=Zmx1dHRlci5pbnNwZWN0b3Iuc3RydWN0dXJlZEVycm9ycz10cnVl,RkxVVFRFUl9XRUJfQVVUT19ERVRFQ1Q9dHJ1ZQ== debug_android_application

## exception

ArgumentError: Invalid argument(s): Uri fonts:LobsterTwo-Bold.ttf must have scheme 'file:'.

```
#0      PosixStyle.pathFromUri (package:path/src/style/posix.dart:57:5)
#1      Context.fromUri (package:path/src/context.dart:1000:32)
#2      ManifestAssetBundle._resolveAsset (package:flutter_tools/src/asset.dart:813:47)
#3      ManifestAssetBundle._parseAssets (package:flutter_tools/src/asset.dart:708:34)
#4      ManifestAssetBundle.build (package:flutter_tools/src/asset.dart:246:53)
<asynchronous suspension>
#5      copyAssets (package:flutter_tools/src/build_system/targets/assets.dart:53:26)
<asynchronous suspension>
#6      AndroidAssetBundle.build (package:flutter_tools/src/build_system/targets/android.dart:65:34)
<asynchronous suspension>
#7      _BuildInstance._invokeInternal (package:flutter_tools/src/build_system/build_system.dart:836:9)
<asynchronous suspension>
#8      FlutterBuildSystem.build (package:flutter_tools/src/build_system/build_system.dart:603:16)
<asynchronous suspension>
#9      AssembleCommand.runCommand (package:flutter_tools/src/commands/assemble.dart:314:32)
<asynchronous suspension>
#10     FlutterCommand.run.<anonymous closure> (package:flutter_tools/src/runner/flutter_command.dart:1125:27)
<asynchronous suspension>
#11     AppContext.run.<anonymous closure> (package:flutter_tools/src/base/context.dart:150:19)
<asynchronous suspension>
#12     CommandRunner.runCommand (package:args/command_runner.dart:209:13)
<asynchronous suspension>
#13     FlutterCommandRunner.runCommand.<anonymous closure> (package:flutter_tools/src/runner/flutter_command_runner.dart:288:9)
<asynchronous suspension>
#14     AppContext.run.<anonymous closure> (package:flutter_tools/src/base/context.dart:150:19)
<asynchronous suspension>
#15     FlutterCommandRunner.runCommand (package:flutter_tools/src/runner/flutter_command_runner.dart:236:5)
<asynchronous suspension>
#16     run.<anonymous closure>.<anonymous closure> (package:flutter_tools/runner.dart:62:9)
<asynchronous suspension>
#17     AppContext.run.<anonymous closure> (package:flutter_tools/src/base/context.dart:150:19)
<asynchronous suspension>
#18     main (package:flutter_tools/executable.dart:92:3)
<asynchronous suspension>
```

## flutter doctor

```
[✓] Flutter (Channel stable, 2.5.3, on macOS 12.0.1 21A559 darwin-x64, locale en-GB)
    • Flutter version 2.5.3 at /Users/stephscully/Developer/flutter
    • Upstream repository https://github.com/flutter/flutter.git
    • Framework revision 18116933e7 (7 weeks ago), 2021-10-15 10:46:35 -0700
    • Engine revision d3ea636dc5
    • Dart version 2.14.4

[!] Android toolchain - develop for Android devices (Android SDK version 29.0.2)
    • Android SDK at /Users/stephscully/Library/Android/sdk
    ✗ cmdline-tools component is missing
      Run `path/to/sdkmanager --install "cmdline-tools;latest"`
      See https://developer.android.com/studio/command-line for more details.
    ✗ Android license status unknown.
      Run `flutter doctor --android-licenses` to accept the SDK licenses.
      See https://flutter.dev/docs/get-started/install/macos#android-setup for more details.

[!] Xcode - develop for iOS and macOS
    • Xcode at /Applications/Xcode.app/Contents/Developer
    • Xcode 13.1, Build version 13A1030d
    ! CocoaPods 1.8.4 out of date (1.10.0 is recommended).
        CocoaPods is used to retrieve the iOS and macOS platform side's plugin code that responds to your plugin usage on the Dart side.
        Without CocoaPods, plugins will not work on iOS or macOS.
        For more info, see https://flutter.dev/platform-plugins
      To upgrade see https://guides.cocoapods.org/using/getting-started.html#installation for instructions.

[✓] Chrome - develop for the web
    • Chrome at /Applications/Google Chrome.app/Contents/MacOS/Google Chrome

[✓] Android Studio (version 2020.3)
    • Android Studio at /Applications/Android Studio.app/Contents
    • Flutter plugin can be installed from:
      🔨 https://plugins.jetbrains.com/plugin/9212-flutter
    • Dart plugin can be installed from:
      🔨 https://plugins.jetbrains.com/plugin/6351-dart
    • Java version OpenJDK Runtime Environment (build 11.0.10+0-b96-7281165)

[✓] Connected device (3 available)
    • AOSP on IA Emulator (mobile) • emulator-5554                        • android-x86    • Android 9 (API 28) (emulator)
    • iPhone 13 (mobile)           • E31B432C-D173-4AF0-896B-63E1C69DB7D5 • ios            • com.apple.CoreSimulator.SimRuntime.iOS-15-0 (simulator)
    • Chrome (web)                 • chrome                               • web-javascript • Google Chrome 96.0.4664.55

! Doctor found issues in 2 categories.
```
